Using pre-set license

 COMMAND LINE ARGUMENTS:
/Applications/Unity/Unity.app/Contents/MacOS/Unity
-adb2
-batchMode
-noUpm
-name
AssetImportWorker0
-projectPath
/Users/siaclassroom/wkspaces/StreetPerformers/StreetPerformers
-logFile
Logs/AssetImportWorker0.log
-srvPort
51719
Successfully changed project path to: /Users/siaclassroom/wkspaces/StreetPerformers/StreetPerformers
/Users/siaclassroom/wkspaces/StreetPerformers/StreetPerformers
Using Asset Import Pipeline V2.
Refreshing native plugins compatible for Editor in 135.52 ms, found 6 plugins.
Preloading 0 native plugins for Editor in 0.00 ms.
Initialize engine version: 2020.2.2f1 (068178b99f32)
[Subsystems] Discovering subsystems at path /Applications/Unity/Unity.app/Contents/Resources/UnitySubsystems
[Subsystems] Discovering subsystems at path /Users/siaclassroom/wkspaces/StreetPerformers/StreetPerformers/Assets
GfxDevice: creating device client; threaded=0
2022-04-02 10:24:50.497 Unity[3451:133164] Color LCD preferred device: Intel(R) UHD Graphics 617 (low power)
2022-04-02 10:24:50.497 Unity[3451:133164] Metal devices available: 1
2022-04-02 10:24:50.497 Unity[3451:133164] 0: Intel(R) UHD Graphics 617 (low power)
2022-04-02 10:24:50.497 Unity[3451:133164] Using device Intel(R) UHD Graphics 617 (low power)
Initializing Metal device caps: Intel(R) UHD Graphics 617
Initialize mono
Mono path[0] = '/Applications/Unity/Unity.app/Contents/Managed'
Mono path[1] = '/Applications/Unity/Unity.app/Contents/MonoBleedingEdge/lib/mono/unityjit'
Mono config path = '/Applications/Unity/Unity.app/Contents/MonoBleedingEdge/etc'
Using monoOptions --debugger-agent=transport=dt_socket,embedding=1,server=y,suspend=n,address=127.0.0.1:56451
Begin MonoManager ReloadAssembly
Registering precompiled unity dll's ...
Register platform support module: /Applications/Unity/Unity.app/Contents/PlaybackEngines/MacStandaloneSupport/UnityEditor.OSXStandalone.Extensions.dll
Registered in 0.000572 seconds.
Native extension for OSXStandalone target not found
Refreshing native plugins compatible for Editor in 81.52 ms, found 6 plugins.
Preloading 0 native plugins for Editor in 0.00 ms.
Invoked RoslynAnalysisRunner static constructor.
RoslynAnalysisRunner will not be running.
RoslynAnalysisRunner has terminated.
Mono: successfully reloaded assembly
- Completed reload, in  2.585 seconds
Platform modules already initialized, skipping
Registering precompiled user dll's ...
Registered in 0.006148 seconds.
Begin MonoManager ReloadAssembly
Native extension for OSXStandalone target not found
Refreshing native plugins compatible for Editor in 135.06 ms, found 6 plugins.
Preloading 0 native plugins for Editor in 0.00 ms.
Invoked RoslynAnalysisRunner static constructor.
RoslynAnalysisRunner will not be running.
RoslynAnalysisRunner has terminated.
RefreshInfo: StopAssetImportingV2(NoUpdateAssetOptions) scanfilter: 
RefreshProfiler: Total: 0.000ms
Mono: successfully reloaded assembly
- Completed reload, in  2.067 seconds
Platform modules already initialized, skipping
========================================================================
Worker process is ready to serve import requests
Launching external process: /Applications/Unity/Unity.app/Contents/Tools/UnityShaderCompiler
Launched and connected shader compiler UnityShaderCompiler after 0.02 seconds
Refreshing native plugins compatible for Editor in 3.26 ms, found 6 plugins.
Preloading 0 native plugins for Editor in 0.00 ms.
Unloading 8 Unused Serialized files (Serialized files now loaded: 0)
System memory in use before: 122.7 MB.
System memory in use after: 122.9 MB.

Unloading 172 unused Assets to reduce memory usage. Loaded Objects now: 2785.
Total: 6.689544 ms (FindLiveObjects: 1.847453 ms CreateObjectMapping: 0.279508 ms MarkObjects: 4.290632 ms  DeleteObjects: 0.269564 ms)

========================================================================
Received Import Request.
  path: Assets/Scenes/InitScene.unity
  artifactKey: Guid(82b55e1f748d82e44addf27e0206387b) Importer(815301076,1909f56bfc062723c751e8b465ee728b)
Start importing Assets/Scenes/InitScene.unity using Guid(82b55e1f748d82e44addf27e0206387b) Importer(815301076,1909f56bfc062723c751e8b465ee728b)  -> (artifact id: 'edf35ed0951f7512f0dec9afc5c202b9') in 0.015441 seconds
  Import took 0.022738 seconds .

========================================================================
Received Prepare
Registering precompiled user dll's ...
Registered in 0.032694 seconds.
Begin MonoManager ReloadAssembly
Fallback handler could not load library /Applications/Unity/Unity.app/Contents/Frameworks/Mono/lib/libAssets/Plugins/FMOD/lib/mac/fmodstudioL.bundle/Contents/MacOS/fmodstudioL
Fallback handler could not load library /Applications/Unity/Unity.app/Contents/Frameworks/Mono/lib/libAssets/Plugins/FMOD/lib/mac/fmodstudioL.bundle/Contents/MacOS/fmodstudioL.dylib
Fallback handler could not load library /Applications/Unity/Unity.app/Contents/Frameworks/Mono/lib/libAssets/Plugins/FMOD/lib/mac/fmodstudioL.bundle/Contents/MacOS/fmodstudioL.so
Fallback handler could not load library /Applications/Unity/Unity.app/Contents/Frameworks/Mono/lib/libAssets/Plugins/FMOD/lib/mac/fmodstudioL.bundle/Contents/MacOS/fmodstudioL.bundle
Native extension for OSXStandalone target not found
Refreshing native plugins compatible for Editor in 2.02 ms, found 6 plugins.
Preloading 0 native plugins for Editor in 0.00 ms.
Invoked RoslynAnalysisRunner static constructor.
RoslynAnalysisRunner will not be running.
RoslynAnalysisRunner has terminated.
RefreshInfo: StopAssetImportingV2(NoUpdateAssetOptions) scanfilter: 
RefreshProfiler: Total: 0.000ms
Mono: successfully reloaded assembly
- Completed reload, in  1.684 seconds
Platform modules already initialized, skipping
Refreshing native plugins compatible for Editor in 2.25 ms, found 6 plugins.
Preloading 0 native plugins for Editor in 0.00 ms.
Unloading 1055 Unused Serialized files (Serialized files now loaded: 0)
System memory in use before: 143.8 MB.
System memory in use after: 144.0 MB.

Unloading 160 unused Assets to reduce memory usage. Loaded Objects now: 2788.
Total: 3.344528 ms (FindLiveObjects: 0.396235 ms CreateObjectMapping: 0.218042 ms MarkObjects: 2.662255 ms  DeleteObjects: 0.066477 ms)

========================================================================
Received Prepare
Registering precompiled user dll's ...
Registered in 0.021027 seconds.
Begin MonoManager ReloadAssembly
Native extension for OSXStandalone target not found
Refreshing native plugins compatible for Editor in 2.43 ms, found 6 plugins.
Preloading 0 native plugins for Editor in 0.00 ms.
Invoked RoslynAnalysisRunner static constructor.
RoslynAnalysisRunner will not be running.
RoslynAnalysisRunner has terminated.
RefreshInfo: StopAssetImportingV2(NoUpdateAssetOptions) scanfilter: 
RefreshProfiler: Total: 0.000ms
Mono: successfully reloaded assembly
- Completed reload, in  1.461 seconds
Platform modules already initialized, skipping
Refreshing native plugins compatible for Editor in 2.82 ms, found 6 plugins.
Preloading 0 native plugins for Editor in 0.00 ms.
Unloading 1055 Unused Serialized files (Serialized files now loaded: 0)
System memory in use before: 144.8 MB.
System memory in use after: 145.0 MB.

Unloading 160 unused Assets to reduce memory usage. Loaded Objects now: 2791.
Total: 3.641505 ms (FindLiveObjects: 0.543979 ms CreateObjectMapping: 0.095427 ms MarkObjects: 2.937794 ms  DeleteObjects: 0.060883 ms)

========================================================================
Received Prepare
Registering precompiled user dll's ...
Registered in 0.045620 seconds.
Begin MonoManager ReloadAssembly
Native extension for OSXStandalone target not found
Refreshing native plugins compatible for Editor in 3.51 ms, found 6 plugins.
Preloading 0 native plugins for Editor in 0.00 ms.
Invoked RoslynAnalysisRunner static constructor.
RoslynAnalysisRunner will not be running.
RoslynAnalysisRunner has terminated.
RefreshInfo: StopAssetImportingV2(NoUpdateAssetOptions) scanfilter: 
RefreshProfiler: Total: 0.000ms
Mono: successfully reloaded assembly
- Completed reload, in  4.451 seconds
Platform modules already initialized, skipping
Refreshing native plugins compatible for Editor in 3.11 ms, found 6 plugins.
Preloading 0 native plugins for Editor in 0.00 ms.
Unloading 1055 Unused Serialized files (Serialized files now loaded: 0)
System memory in use before: 145.3 MB.
System memory in use after: 145.5 MB.

Unloading 160 unused Assets to reduce memory usage. Loaded Objects now: 2794.
Total: 4.945028 ms (FindLiveObjects: 0.488636 ms CreateObjectMapping: 0.790107 ms MarkObjects: 3.507026 ms  DeleteObjects: 0.157184 ms)

========================================================================
Received Prepare
Registering precompiled user dll's ...
Registered in 0.082203 seconds.
Begin MonoManager ReloadAssembly
Native extension for OSXStandalone target not found
Refreshing native plugins compatible for Editor in 3.17 ms, found 6 plugins.
Preloading 0 native plugins for Editor in 0.00 ms.
Invoked RoslynAnalysisRunner static constructor.
RoslynAnalysisRunner will not be running.
RoslynAnalysisRunner has terminated.
RefreshInfo: StopAssetImportingV2(NoUpdateAssetOptions) scanfilter: 
RefreshProfiler: Total: 0.000ms
Mono: successfully reloaded assembly
- Completed reload, in  3.999 seconds
Platform modules already initialized, skipping
Refreshing native plugins compatible for Editor in 6.27 ms, found 6 plugins.
Preloading 0 native plugins for Editor in 0.00 ms.
Unloading 1055 Unused Serialized files (Serialized files now loaded: 0)
System memory in use before: 145.4 MB.
System memory in use after: 145.6 MB.

Unloading 160 unused Assets to reduce memory usage. Loaded Objects now: 2797.
Total: 4.583758 ms (FindLiveObjects: 0.753839 ms CreateObjectMapping: 0.237419 ms MarkObjects: 3.498178 ms  DeleteObjects: 0.078931 ms)

========================================================================
Received Prepare
Refreshing native plugins compatible for Editor in 151.35 ms, found 6 plugins.
Preloading 0 native plugins for Editor in 0.00 ms.
Unloading 158 Unused Serialized files (Serialized files now loaded: 0)
System memory in use before: 128.5 MB.
System memory in use after: 128.7 MB.

Unloading 158 unused Assets to reduce memory usage. Loaded Objects now: 2797.
Total: 34.935429 ms (FindLiveObjects: 0.879422 ms CreateObjectMapping: 0.096047 ms MarkObjects: 32.966604 ms  DeleteObjects: 0.990932 ms)

========================================================================
Received Prepare
Refreshing native plugins compatible for Editor in 155.17 ms, found 6 plugins.
Preloading 0 native plugins for Editor in 0.00 ms.
Unloading 158 Unused Serialized files (Serialized files now loaded: 0)
System memory in use before: 128.7 MB.
System memory in use after: 128.9 MB.

Unloading 158 unused Assets to reduce memory usage. Loaded Objects now: 2797.
Total: 29.763893 ms (FindLiveObjects: 2.470242 ms CreateObjectMapping: 0.256373 ms MarkObjects: 26.321353 ms  DeleteObjects: 0.713498 ms)

