Using pre-set license

 COMMAND LINE ARGUMENTS:
/Applications/Unity/Unity.app/Contents/MacOS/Unity
-adb2
-batchMode
-noUpm
-name
AssetImportWorker0
-projectPath
/Users/siaclassroom/wkspaces/StreetPerformers/StreetPerformers
-logFile
Logs/AssetImportWorker0.log
-srvPort
49285
Successfully changed project path to: /Users/siaclassroom/wkspaces/StreetPerformers/StreetPerformers
/Users/siaclassroom/wkspaces/StreetPerformers/StreetPerformers
Using Asset Import Pipeline V2.
Refreshing native plugins compatible for Editor in 320.46 ms, found 6 plugins.
Preloading 0 native plugins for Editor in 0.00 ms.
Initialize engine version: 2020.2.2f1 (068178b99f32)
[Subsystems] Discovering subsystems at path /Applications/Unity/Unity.app/Contents/Resources/UnitySubsystems
[Subsystems] Discovering subsystems at path /Users/siaclassroom/wkspaces/StreetPerformers/StreetPerformers/Assets
GfxDevice: creating device client; threaded=0
2022-03-26 13:02:15.127 Unity[1359:43885] DELL 1908FP preferred device: Intel(R) UHD Graphics 617 (low power)
2022-03-26 13:02:15.127 Unity[1359:43885] Metal devices available: 1
2022-03-26 13:02:15.127 Unity[1359:43885] 0: Intel(R) UHD Graphics 617 (low power)
2022-03-26 13:02:15.127 Unity[1359:43885] Using device Intel(R) UHD Graphics 617 (low power)
Initializing Metal device caps: Intel(R) UHD Graphics 617
Initialize mono
Mono path[0] = '/Applications/Unity/Unity.app/Contents/Managed'
Mono path[1] = '/Applications/Unity/Unity.app/Contents/MonoBleedingEdge/lib/mono/unityjit'
Mono config path = '/Applications/Unity/Unity.app/Contents/MonoBleedingEdge/etc'
Using monoOptions --debugger-agent=transport=dt_socket,embedding=1,server=y,suspend=n,address=127.0.0.1:56359
Begin MonoManager ReloadAssembly
Registering precompiled unity dll's ...
Register platform support module: /Applications/Unity/Unity.app/Contents/PlaybackEngines/MacStandaloneSupport/UnityEditor.OSXStandalone.Extensions.dll
Registered in 0.004282 seconds.
Native extension for OSXStandalone target not found
Refreshing native plugins compatible for Editor in 116.53 ms, found 6 plugins.
Preloading 0 native plugins for Editor in 0.00 ms.
Invoked RoslynAnalysisRunner static constructor.
RoslynAnalysisRunner will not be running.
RoslynAnalysisRunner has terminated.
Mono: successfully reloaded assembly
- Completed reload, in  4.393 seconds
Platform modules already initialized, skipping
Registering precompiled user dll's ...
Registered in 0.029793 seconds.
Begin MonoManager ReloadAssembly
Native extension for OSXStandalone target not found
Refreshing native plugins compatible for Editor in 76.84 ms, found 6 plugins.
Preloading 0 native plugins for Editor in 0.00 ms.
Invoked RoslynAnalysisRunner static constructor.
RoslynAnalysisRunner will not be running.
RoslynAnalysisRunner has terminated.
RefreshInfo: StopAssetImportingV2(NoUpdateAssetOptions) scanfilter: 
RefreshProfiler: Total: 0.000ms
Mono: successfully reloaded assembly
- Completed reload, in  1.550 seconds
Platform modules already initialized, skipping
========================================================================
Worker process is ready to serve import requests
Launching external process: /Applications/Unity/Unity.app/Contents/Tools/UnityShaderCompiler
Launched and connected shader compiler UnityShaderCompiler after 0.05 seconds
Refreshing native plugins compatible for Editor in 2.10 ms, found 6 plugins.
Preloading 0 native plugins for Editor in 0.00 ms.
Unloading 8 Unused Serialized files (Serialized files now loaded: 0)
System memory in use before: 122.3 MB.
System memory in use after: 122.4 MB.

Unloading 172 unused Assets to reduce memory usage. Loaded Objects now: 2779.
Total: 4.949361 ms (FindLiveObjects: 0.878374 ms CreateObjectMapping: 0.332362 ms MarkObjects: 3.580043 ms  DeleteObjects: 0.155149 ms)

========================================================================
Received Import Request.
  path: Assets/Scripts/Battle/BattleAgents.cs
  artifactKey: Guid(13a8e55b8be0c9e4896be0fea72bcd6b) Importer(815301076,1909f56bfc062723c751e8b465ee728b)
Start importing Assets/Scripts/Battle/BattleAgents.cs using Guid(13a8e55b8be0c9e4896be0fea72bcd6b) Importer(815301076,1909f56bfc062723c751e8b465ee728b)  -> (artifact id: 'e4e697f3650ecd1e9c803ed76273d0f8') in 5.295643 seconds
  Import took 5.305219 seconds .

========================================================================
Received Import Request.
  Time since last request: 0.000781 seconds.
  path: Assets/Scripts/Battle/BattleManager.cs
  artifactKey: Guid(76db555c7e4452b4caf68375deaf4628) Importer(815301076,1909f56bfc062723c751e8b465ee728b)
Start importing Assets/Scripts/Battle/BattleManager.cs using Guid(76db555c7e4452b4caf68375deaf4628) Importer(815301076,1909f56bfc062723c751e8b465ee728b)  -> (artifact id: '54e937dc7cdf9d6930996444e54d9a98') in 0.004129 seconds
  Import took 0.012452 seconds .

========================================================================
Received Import Request.
  Time since last request: 0.000311 seconds.
  path: Assets/Scripts/Battle
  artifactKey: Guid(57b34f52d6ae7184ca65379e60fec6f5) Importer(815301076,1909f56bfc062723c751e8b465ee728b)
Start importing Assets/Scripts/Battle using Guid(57b34f52d6ae7184ca65379e60fec6f5) Importer(815301076,1909f56bfc062723c751e8b465ee728b)  -> (artifact id: 'aa9d98e07131a91dc960e1b920e136e2') in 0.002582 seconds
  Import took 0.009814 seconds .

========================================================================
Received Import Request.
  Time since last request: 0.001735 seconds.
  path: Assets/Scripts/Battle/SpriteFlash.cs
  artifactKey: Guid(a069e120d8139b44eb20b4cbd38b2dcd) Importer(815301076,1909f56bfc062723c751e8b465ee728b)
Start importing Assets/Scripts/Battle/SpriteFlash.cs using Guid(a069e120d8139b44eb20b4cbd38b2dcd) Importer(815301076,1909f56bfc062723c751e8b465ee728b)  -> (artifact id: '93545517c81a5f26018b1c61d070b219') in 0.003842 seconds
  Import took 0.013851 seconds .

========================================================================
Received Import Request.
  Time since last request: 0.670637 seconds.
  path: Assets/Scripts/Battle/EnemyPosition.cs
  artifactKey: Guid(714e4bc08124809429d87ec155ee0fdd) Importer(815301076,1909f56bfc062723c751e8b465ee728b)
Start importing Assets/Scripts/Battle/EnemyPosition.cs using Guid(714e4bc08124809429d87ec155ee0fdd) Importer(815301076,1909f56bfc062723c751e8b465ee728b)  -> (artifact id: '11624a28e8c1f7b1ebcb5a2ca9e47b17') in 0.003327 seconds
  Import took 0.010675 seconds .

========================================================================
Received Import Request.
  Time since last request: 1.458495 seconds.
  path: Assets/Scripts/Battle/TurnManager.cs
  artifactKey: Guid(6aa6a982f0c748c42b8b2a49792bd691) Importer(815301076,1909f56bfc062723c751e8b465ee728b)
Start importing Assets/Scripts/Battle/TurnManager.cs using Guid(6aa6a982f0c748c42b8b2a49792bd691) Importer(815301076,1909f56bfc062723c751e8b465ee728b)  -> (artifact id: '67ba8a8c0fe16377df67457495bfb2de') in 0.003048 seconds
  Import took 0.010182 seconds .

========================================================================
Received Import Request.
  Time since last request: 0.003088 seconds.
  path: Assets/Scripts/Battle/TurnManager.cs
  artifactKey: Guid(6aa6a982f0c748c42b8b2a49792bd691) Importer(815301076,1909f56bfc062723c751e8b465ee728b)
Start importing Assets/Scripts/Battle/TurnManager.cs using Guid(6aa6a982f0c748c42b8b2a49792bd691) Importer(815301076,1909f56bfc062723c751e8b465ee728b)  -> (artifact id: '67ba8a8c0fe16377df67457495bfb2de') in 0.003202 seconds
  Import took 0.012948 seconds .

========================================================================
Received Import Request.
  Time since last request: 17.555623 seconds.
  path: Assets/Scripts/OnPointerDown.cs
  artifactKey: Guid(a76f555e65a47f1429616a4d8acd0e66) Importer(815301076,1909f56bfc062723c751e8b465ee728b)
Start importing Assets/Scripts/OnPointerDown.cs using Guid(a76f555e65a47f1429616a4d8acd0e66) Importer(815301076,1909f56bfc062723c751e8b465ee728b)  -> (artifact id: 'a3e9565b6fcec0d02d3daa949252b606') in 0.003412 seconds
  Import took 0.010736 seconds .

========================================================================
Received Import Request.
  Time since last request: 2.333598 seconds.
  path: Assets/Scripts/InitSceneLoad.cs
  artifactKey: Guid(72030754c75e28143bbb8718beef01b1) Importer(815301076,1909f56bfc062723c751e8b465ee728b)
Start importing Assets/Scripts/InitSceneLoad.cs using Guid(72030754c75e28143bbb8718beef01b1) Importer(815301076,1909f56bfc062723c751e8b465ee728b)  -> (artifact id: '4fb28478053371ff5d155be40a41c45a') in 0.003408 seconds
  Import took 0.012487 seconds .

========================================================================
Received Import Request.
  Time since last request: 1.605636 seconds.
  path: Assets/Scripts/HubWorld
  artifactKey: Guid(d01be671202f494478e8841c05c63f26) Importer(815301076,1909f56bfc062723c751e8b465ee728b)
Start importing Assets/Scripts/HubWorld using Guid(d01be671202f494478e8841c05c63f26) Importer(815301076,1909f56bfc062723c751e8b465ee728b)  -> (artifact id: '24df22e755266a4b9e62cd1f387760ca') in 0.003337 seconds
  Import took 0.012846 seconds .

========================================================================
Received Import Request.
  Time since last request: 0.650181 seconds.
  path: Assets/Scripts/Glossary
  artifactKey: Guid(d0a5a9eff68f5894f97cfead51ef81c1) Importer(815301076,1909f56bfc062723c751e8b465ee728b)
Start importing Assets/Scripts/Glossary using Guid(d0a5a9eff68f5894f97cfead51ef81c1) Importer(815301076,1909f56bfc062723c751e8b465ee728b)  -> (artifact id: '10e2ce20a7dd6afcac5a41c72e9d786b') in 0.004312 seconds
  Import took 0.012786 seconds .

========================================================================
Received Import Request.
  Time since last request: 1.858726 seconds.
  path: Assets/Scripts/SaveManager
  artifactKey: Guid(7c48734f308d7944592918185454652c) Importer(815301076,1909f56bfc062723c751e8b465ee728b)
Start importing Assets/Scripts/SaveManager using Guid(7c48734f308d7944592918185454652c) Importer(815301076,1909f56bfc062723c751e8b465ee728b)  -> (artifact id: '0f9cc299db0948ab032739595d2a3ec9') in 0.003042 seconds
  Import took 0.012706 seconds .

========================================================================
Received Import Request.
  Time since last request: 0.979068 seconds.
  path: Assets/Scripts/QiTestScripts
  artifactKey: Guid(ca27bfeb8fbd798489e0d4a0422bda59) Importer(815301076,1909f56bfc062723c751e8b465ee728b)
Start importing Assets/Scripts/QiTestScripts using Guid(ca27bfeb8fbd798489e0d4a0422bda59) Importer(815301076,1909f56bfc062723c751e8b465ee728b)  -> (artifact id: 'e80d8636154af26851987d28eeb8ff84') in 0.003828 seconds
  Import took 0.013154 seconds .

========================================================================
Received Import Request.
  Time since last request: 1.097013 seconds.
  path: Assets/Scripts/UI
  artifactKey: Guid(4c7bc4b702ecc6f45b3532b7560292e9) Importer(815301076,1909f56bfc062723c751e8b465ee728b)
Start importing Assets/Scripts/UI using Guid(4c7bc4b702ecc6f45b3532b7560292e9) Importer(815301076,1909f56bfc062723c751e8b465ee728b)  -> (artifact id: '5f57bef6d951bc621f7cfc98e09227eb') in 0.003782 seconds
  Import took 0.012876 seconds .

========================================================================
Received Import Request.
  Time since last request: 6.560686 seconds.
  path: Assets/Scripts/Audio
  artifactKey: Guid(f29e577c12b784acf86e9d5817b66246) Importer(815301076,1909f56bfc062723c751e8b465ee728b)
Start importing Assets/Scripts/Audio using Guid(f29e577c12b784acf86e9d5817b66246) Importer(815301076,1909f56bfc062723c751e8b465ee728b)  -> (artifact id: '6e5aaa8cec51a0fa3dd320ec6d16fb3f') in 0.003064 seconds
  Import took 0.012100 seconds .

========================================================================
Received Import Request.
  Time since last request: 0.775160 seconds.
  path: Assets/Scripts/Cards
  artifactKey: Guid(00604f51c7c092548be1c7026e13b84c) Importer(815301076,1909f56bfc062723c751e8b465ee728b)
Start importing Assets/Scripts/Cards using Guid(00604f51c7c092548be1c7026e13b84c) Importer(815301076,1909f56bfc062723c751e8b465ee728b)  -> (artifact id: 'f7d6d2f4ed8253806b68853679eee8fc') in 0.002623 seconds
  Import took 0.011803 seconds .

========================================================================
Received Import Request.
  Time since last request: 0.647096 seconds.
  path: Assets/Scripts/Character
  artifactKey: Guid(2fa8a3792140467488581a1c7177b2b9) Importer(815301076,1909f56bfc062723c751e8b465ee728b)
Start importing Assets/Scripts/Character using Guid(2fa8a3792140467488581a1c7177b2b9) Importer(815301076,1909f56bfc062723c751e8b465ee728b)  -> (artifact id: 'facae20c27b02c5cdf2468f98356f22d') in 0.001909 seconds
  Import took 0.010904 seconds .

========================================================================
Received Import Request.
  Time since last request: 0.596441 seconds.
  path: Assets/Scripts/Dialogue
  artifactKey: Guid(8da9015f972a9fb4faf040cbba8041c3) Importer(815301076,1909f56bfc062723c751e8b465ee728b)
Start importing Assets/Scripts/Dialogue using Guid(8da9015f972a9fb4faf040cbba8041c3) Importer(815301076,1909f56bfc062723c751e8b465ee728b)  -> (artifact id: '4ecf3e131536e0a69c3e852309e41870') in 0.003134 seconds
  Import took 0.011809 seconds .

========================================================================
Received Import Request.
  Time since last request: 0.518128 seconds.
  path: Assets/Scripts/Enums
  artifactKey: Guid(2458ef36b1ed0be4e9f608fcf2b57070) Importer(815301076,1909f56bfc062723c751e8b465ee728b)
Start importing Assets/Scripts/Enums using Guid(2458ef36b1ed0be4e9f608fcf2b57070) Importer(815301076,1909f56bfc062723c751e8b465ee728b)  -> (artifact id: '497a17f9ff0ab07995b6268985d3b249') in 0.002778 seconds
  Import took 0.011709 seconds .

========================================================================
Received Import Request.
  Time since last request: 2.437991 seconds.
  path: Assets/Scripts/Tutorials
  artifactKey: Guid(3f4fb8fe41707b54d9ecab372828c061) Importer(815301076,1909f56bfc062723c751e8b465ee728b)
Start importing Assets/Scripts/Tutorials using Guid(3f4fb8fe41707b54d9ecab372828c061) Importer(815301076,1909f56bfc062723c751e8b465ee728b)  -> (artifact id: 'c79687be862ba0cf965f2e76281d04d6') in 0.002719 seconds
  Import took 0.012192 seconds .

========================================================================
Received Import Request.
  Time since last request: 1.564228 seconds.
  path: Assets/Scripts/Tutorials/HubTutorialManager.cs
  artifactKey: Guid(393d0e7abeac9e248923c55241d48ddc) Importer(815301076,1909f56bfc062723c751e8b465ee728b)
Start importing Assets/Scripts/Tutorials/HubTutorialManager.cs using Guid(393d0e7abeac9e248923c55241d48ddc) Importer(815301076,1909f56bfc062723c751e8b465ee728b)  -> (artifact id: 'b9a07e2cac9736e13b234fe611bb0bda') in 0.003158 seconds
  Import took 0.009660 seconds .

========================================================================
Received Import Request.
  Time since last request: 0.010687 seconds.
  path: Assets/Scripts/Tutorials/HubTutorialManager.cs
  artifactKey: Guid(393d0e7abeac9e248923c55241d48ddc) Importer(815301076,1909f56bfc062723c751e8b465ee728b)
Start importing Assets/Scripts/Tutorials/HubTutorialManager.cs using Guid(393d0e7abeac9e248923c55241d48ddc) Importer(815301076,1909f56bfc062723c751e8b465ee728b)  -> (artifact id: 'b9a07e2cac9736e13b234fe611bb0bda') in 0.002727 seconds
  Import took 0.009658 seconds .

========================================================================
Received Import Request.
  Time since last request: 0.704908 seconds.
  path: Assets/Scripts/Tutorials/CutsceneManager.cs
  artifactKey: Guid(4cf8a78aa1100e74bab21af01c7c7e54) Importer(815301076,1909f56bfc062723c751e8b465ee728b)
Start importing Assets/Scripts/Tutorials/CutsceneManager.cs using Guid(4cf8a78aa1100e74bab21af01c7c7e54) Importer(815301076,1909f56bfc062723c751e8b465ee728b)  -> (artifact id: '472932ec3c737448b41f997d8cfa30f3') in 0.002897 seconds
  Import took 0.011137 seconds .

========================================================================
Received Import Request.
  Time since last request: 0.001387 seconds.
  path: Assets/Scripts/Tutorials/CutsceneManager.cs
  artifactKey: Guid(4cf8a78aa1100e74bab21af01c7c7e54) Importer(815301076,1909f56bfc062723c751e8b465ee728b)
Start importing Assets/Scripts/Tutorials/CutsceneManager.cs using Guid(4cf8a78aa1100e74bab21af01c7c7e54) Importer(815301076,1909f56bfc062723c751e8b465ee728b)  -> (artifact id: '472932ec3c737448b41f997d8cfa30f3') in 0.002794 seconds
  Import took 0.011462 seconds .

========================================================================
Received Import Request.
  Time since last request: 1.381274 seconds.
  path: Assets/Scripts/Tutorials/BattleTutorialManager.cs
  artifactKey: Guid(4b76e38346a2bbc40ab5c200b6e98930) Importer(815301076,1909f56bfc062723c751e8b465ee728b)
Start importing Assets/Scripts/Tutorials/BattleTutorialManager.cs using Guid(4b76e38346a2bbc40ab5c200b6e98930) Importer(815301076,1909f56bfc062723c751e8b465ee728b)  -> (artifact id: 'd65430fc1495e76c327d1e2b119dc293') in 0.003852 seconds
  Import took 0.011060 seconds .

========================================================================
Received Import Request.
  Time since last request: 0.001155 seconds.
  path: Assets/Scripts/Tutorials/BattleTutorialManager.cs
  artifactKey: Guid(4b76e38346a2bbc40ab5c200b6e98930) Importer(815301076,1909f56bfc062723c751e8b465ee728b)
Start importing Assets/Scripts/Tutorials/BattleTutorialManager.cs using Guid(4b76e38346a2bbc40ab5c200b6e98930) Importer(815301076,1909f56bfc062723c751e8b465ee728b)  -> (artifact id: 'd65430fc1495e76c327d1e2b119dc293') in 0.002710 seconds
  Import took 0.009749 seconds .

========================================================================
Received Prepare
Refreshing native plugins compatible for Editor in 141.33 ms, found 6 plugins.
Preloading 0 native plugins for Editor in 0.00 ms.
Unloading 158 Unused Serialized files (Serialized files now loaded: 0)
System memory in use before: 130.3 MB.
System memory in use after: 130.5 MB.

Unloading 158 unused Assets to reduce memory usage. Loaded Objects now: 2779.
Total: 20.436760 ms (FindLiveObjects: 2.120330 ms CreateObjectMapping: 0.377353 ms MarkObjects: 17.805502 ms  DeleteObjects: 0.128066 ms)

========================================================================
Received Prepare
Registering precompiled user dll's ...
Registered in 0.042996 seconds.
Begin MonoManager ReloadAssembly
Fallback handler could not load library /Applications/Unity/Unity.app/Contents/Frameworks/Mono/lib/libAssets/Plugins/FMOD/lib/mac/fmodstudioL.bundle/Contents/MacOS/fmodstudioL
Fallback handler could not load library /Applications/Unity/Unity.app/Contents/Frameworks/Mono/lib/libAssets/Plugins/FMOD/lib/mac/fmodstudioL.bundle/Contents/MacOS/fmodstudioL.dylib
Fallback handler could not load library /Applications/Unity/Unity.app/Contents/Frameworks/Mono/lib/libAssets/Plugins/FMOD/lib/mac/fmodstudioL.bundle/Contents/MacOS/fmodstudioL.so
Fallback handler could not load library /Applications/Unity/Unity.app/Contents/Frameworks/Mono/lib/libAssets/Plugins/FMOD/lib/mac/fmodstudioL.bundle/Contents/MacOS/fmodstudioL.bundle
Native extension for OSXStandalone target not found
Refreshing native plugins compatible for Editor in 3.63 ms, found 6 plugins.
Preloading 0 native plugins for Editor in 0.00 ms.
Invoked RoslynAnalysisRunner static constructor.
RoslynAnalysisRunner will not be running.
RoslynAnalysisRunner has terminated.
RefreshInfo: StopAssetImportingV2(NoUpdateAssetOptions) scanfilter: 
RefreshProfiler: Total: 0.000ms
Mono: successfully reloaded assembly
- Completed reload, in  1.951 seconds
Platform modules already initialized, skipping
Refreshing native plugins compatible for Editor in 2.26 ms, found 6 plugins.
Preloading 0 native plugins for Editor in 0.00 ms.
Unloading 1050 Unused Serialized files (Serialized files now loaded: 0)
System memory in use before: 148.7 MB.
System memory in use after: 148.9 MB.

Unloading 160 unused Assets to reduce memory usage. Loaded Objects now: 2782.
Total: 2.863299 ms (FindLiveObjects: 0.465584 ms CreateObjectMapping: 0.135342 ms MarkObjects: 2.189015 ms  DeleteObjects: 0.068961 ms)

========================================================================
Received Prepare
Refreshing native plugins compatible for Editor in 51.98 ms, found 6 plugins.
Preloading 0 native plugins for Editor in 0.00 ms.
Unloading 158 Unused Serialized files (Serialized files now loaded: 0)
System memory in use before: 131.8 MB.
System memory in use after: 132.0 MB.

Unloading 158 unused Assets to reduce memory usage. Loaded Objects now: 2782.
Total: 4.320321 ms (FindLiveObjects: 0.523487 ms CreateObjectMapping: 0.228800 ms MarkObjects: 3.447297 ms  DeleteObjects: 0.118939 ms)

========================================================================
Received Prepare
Registering precompiled user dll's ...
Registered in 0.039331 seconds.
Begin MonoManager ReloadAssembly
Native extension for OSXStandalone target not found
Refreshing native plugins compatible for Editor in 2.28 ms, found 6 plugins.
Preloading 0 native plugins for Editor in 0.00 ms.
Invoked RoslynAnalysisRunner static constructor.
RoslynAnalysisRunner will not be running.
RoslynAnalysisRunner has terminated.
RefreshInfo: StopAssetImportingV2(NoUpdateAssetOptions) scanfilter: 
RefreshProfiler: Total: 0.000ms
Mono: successfully reloaded assembly
- Completed reload, in  2.397 seconds
Platform modules already initialized, skipping
Refreshing native plugins compatible for Editor in 4.87 ms, found 6 plugins.
Preloading 0 native plugins for Editor in 0.00 ms.
Unloading 1050 Unused Serialized files (Serialized files now loaded: 0)
System memory in use before: 149.1 MB.
System memory in use after: 149.3 MB.

Unloading 160 unused Assets to reduce memory usage. Loaded Objects now: 2785.
Total: 6.442459 ms (FindLiveObjects: 0.781745 ms CreateObjectMapping: 0.428746 ms MarkObjects: 5.078631 ms  DeleteObjects: 0.150456 ms)

========================================================================
Received Import Request.
  Time since last request: 3803.611676 seconds.
  path: Assets/Scenes/TitleSceneLandscape.unity
  artifactKey: Guid(ebdb5988c7fa162489204a3f068f6f01) Importer(815301076,1909f56bfc062723c751e8b465ee728b)
Start importing Assets/Scenes/TitleSceneLandscape.unity using Guid(ebdb5988c7fa162489204a3f068f6f01) Importer(815301076,1909f56bfc062723c751e8b465ee728b)  -> (artifact id: 'ed159e7e785e582f1fb1a2c78fedeae6') in 0.024545 seconds
  Import took 0.030399 seconds .

========================================================================
Received Import Request.
  Time since last request: 1.004396 seconds.
  path: Assets/Scenes/TestInputScene.unity
  artifactKey: Guid(9764e752ff04ac043b8ee8e1128f2683) Importer(815301076,1909f56bfc062723c751e8b465ee728b)
Start importing Assets/Scenes/TestInputScene.unity using Guid(9764e752ff04ac043b8ee8e1128f2683) Importer(815301076,1909f56bfc062723c751e8b465ee728b)  -> (artifact id: 'cf765b6e1c478c5f617bf62c2ac51a14') in 0.004927 seconds
  Import took 0.013394 seconds .

========================================================================
Received Import Request.
  Time since last request: 0.571077 seconds.
  path: Assets/Scenes/BattleScene.unity
  artifactKey: Guid(cffbbc4774540254491c454064172986) Importer(815301076,1909f56bfc062723c751e8b465ee728b)
Start importing Assets/Scenes/BattleScene.unity using Guid(cffbbc4774540254491c454064172986) Importer(815301076,1909f56bfc062723c751e8b465ee728b)  -> (artifact id: 'b823699d3dc882fa33f189347488eea2') in 0.004569 seconds
  Import took 0.012850 seconds .

========================================================================
Received Import Request.
  Time since last request: 1.326490 seconds.
  path: Assets/Scenes/HubWorldSceneLandscape.unity
  artifactKey: Guid(cc178718fa429794eae1872adffc9498) Importer(815301076,1909f56bfc062723c751e8b465ee728b)
Start importing Assets/Scenes/HubWorldSceneLandscape.unity using Guid(cc178718fa429794eae1872adffc9498) Importer(815301076,1909f56bfc062723c751e8b465ee728b)  -> (artifact id: '394351c8c2de4130c768e0d311b71861') in 0.006191 seconds
  Import took 0.014528 seconds .

========================================================================
Received Import Request.
  Time since last request: 56.130341 seconds.
  path: Assets/Scenes/EndSceneLandscape.unity
  artifactKey: Guid(dfc7c27f51be72342be38bce395e83f6) Importer(815301076,1909f56bfc062723c751e8b465ee728b)
Start importing Assets/Scenes/EndSceneLandscape.unity using Guid(dfc7c27f51be72342be38bce395e83f6) Importer(815301076,1909f56bfc062723c751e8b465ee728b)  -> (artifact id: '7505638f4ec4b5c08033eac6352e913e') in 0.004710 seconds
  Import took 0.013721 seconds .

========================================================================
Received Import Request.
  Time since last request: 0.000878 seconds.
  path: Assets/Scenes/EndSceneLandscape.unity
  artifactKey: Guid(dfc7c27f51be72342be38bce395e83f6) Importer(815301076,1909f56bfc062723c751e8b465ee728b)
Start importing Assets/Scenes/EndSceneLandscape.unity using Guid(dfc7c27f51be72342be38bce395e83f6) Importer(815301076,1909f56bfc062723c751e8b465ee728b)  -> (artifact id: '7505638f4ec4b5c08033eac6352e913e') in 0.003332 seconds
  Import took 0.012977 seconds .

========================================================================
Received Import Request.
  Time since last request: 0.975536 seconds.
  path: Assets/Scenes/HubWorldScene.unity
  artifactKey: Guid(d299feb945c1d3641b2cc76fca3e6a5e) Importer(815301076,1909f56bfc062723c751e8b465ee728b)
Start importing Assets/Scenes/HubWorldScene.unity using Guid(d299feb945c1d3641b2cc76fca3e6a5e) Importer(815301076,1909f56bfc062723c751e8b465ee728b)  -> (artifact id: 'a0ad694393eefb559841b35dcebaba93') in 0.004501 seconds
  Import took 0.011469 seconds .

========================================================================
Received Import Request.
  Time since last request: 0.009224 seconds.
  path: Assets/Scenes/HubWorldScene.unity
  artifactKey: Guid(d299feb945c1d3641b2cc76fca3e6a5e) Importer(815301076,1909f56bfc062723c751e8b465ee728b)
Start importing Assets/Scenes/HubWorldScene.unity using Guid(d299feb945c1d3641b2cc76fca3e6a5e) Importer(815301076,1909f56bfc062723c751e8b465ee728b)  -> (artifact id: 'a0ad694393eefb559841b35dcebaba93') in 0.003178 seconds
  Import took 0.015374 seconds .

========================================================================
Received Prepare
Refreshing native plugins compatible for Editor in 37.74 ms, found 6 plugins.
Preloading 0 native plugins for Editor in 0.00 ms.
Unloading 158 Unused Serialized files (Serialized files now loaded: 0)
System memory in use before: 132.4 MB.
System memory in use after: 132.6 MB.

Unloading 158 unused Assets to reduce memory usage. Loaded Objects now: 2785.
Total: 3.107048 ms (FindLiveObjects: 0.324963 ms CreateObjectMapping: 0.118756 ms MarkObjects: 2.608481 ms  DeleteObjects: 0.051982 ms)

========================================================================
Received Prepare
Refreshing native plugins compatible for Editor in 41.25 ms, found 6 plugins.
Preloading 0 native plugins for Editor in 0.00 ms.
Unloading 158 Unused Serialized files (Serialized files now loaded: 0)
System memory in use before: 132.2 MB.
System memory in use after: 132.4 MB.

Unloading 158 unused Assets to reduce memory usage. Loaded Objects now: 2785.
Total: 26.649881 ms (FindLiveObjects: 1.416438 ms CreateObjectMapping: 0.268897 ms MarkObjects: 24.794644 ms  DeleteObjects: 0.167273 ms)

